c:\users\chung\desktop\pp\nkust_113-1_object-oriented-programming\rpg game with cmd\consoleapplication5\debug\vc143.pdb
c:\users\chung\desktop\pp\nkust_113-1_object-oriented-programming\rpg game with cmd\consoleapplication5\debug\vc143.idb
c:\users\chung\desktop\pp\nkust_113-1_object-oriented-programming\rpg game with cmd\consoleapplication5\debug\skill.obj
c:\users\chung\desktop\pp\nkust_113-1_object-oriented-programming\rpg game with cmd\consoleapplication5\debug\potion.obj
c:\users\chung\desktop\pp\nkust_113-1_object-oriented-programming\rpg game with cmd\consoleapplication5\debug\place.obj
c:\users\chung\desktop\pp\nkust_113-1_object-oriented-programming\rpg game with cmd\consoleapplication5\debug\pet.obj
c:\users\chung\desktop\pp\nkust_113-1_object-oriented-programming\rpg game with cmd\consoleapplication5\debug\monsterdata.obj
c:\users\chung\desktop\pp\nkust_113-1_object-oriented-programming\rpg game with cmd\consoleapplication5\debug\monster.obj
c:\users\chung\desktop\pp\nkust_113-1_object-oriented-programming\rpg game with cmd\consoleapplication5\debug\mapdata.obj
c:\users\chung\desktop\pp\nkust_113-1_object-oriented-programming\rpg game with cmd\consoleapplication5\debug\lifeentity.obj
c:\users\chung\desktop\pp\nkust_113-1_object-oriented-programming\rpg game with cmd\consoleapplication5\debug\itemdata.obj
c:\users\chung\desktop\pp\nkust_113-1_object-oriented-programming\rpg game with cmd\consoleapplication5\debug\item.obj
c:\users\chung\desktop\pp\nkust_113-1_object-oriented-programming\rpg game with cmd\consoleapplication5\debug\helmet.obj
c:\users\chung\desktop\pp\nkust_113-1_object-oriented-programming\rpg game with cmd\consoleapplication5\debug\food.obj
c:\users\chung\desktop\pp\nkust_113-1_object-oriented-programming\rpg game with cmd\consoleapplication5\debug\fighter.obj
c:\users\chung\desktop\pp\nkust_113-1_object-oriented-programming\rpg game with cmd\consoleapplication5\debug\cmdparser.obj
c:\users\chung\desktop\pp\nkust_113-1_object-oriented-programming\rpg game with cmd\consoleapplication5\debug\chestplate.obj
c:\users\chung\desktop\pp\nkust_113-1_object-oriented-programming\rpg game with cmd\consoleapplication5\debug\boots.obj
c:\users\chung\desktop\pp\nkust_113-1_object-oriented-programming\rpg game with cmd\consoleapplication5\debug\bag.obj
c:\users\chung\desktop\pp\nkust_113-1_object-oriented-programming\rpg game with cmd\consoleapplication5\debug\armoreffect.obj
c:\users\chung\desktop\pp\nkust_113-1_object-oriented-programming\rpg game with cmd\consoleapplication5\debug\accountdata.obj
c:\users\chung\desktop\pp\nkust_113-1_object-oriented-programming\rpg game with cmd\consoleapplication5\debug\account.obj
c:\users\chung\desktop\pp\nkust_113-1_object-oriented-programming\rpg game with cmd\consoleapplication5\debug\weapon.obj
c:\users\chung\desktop\pp\nkust_113-1_object-oriented-programming\rpg game with cmd\consoleapplication5\debug\user.obj
c:\users\chung\desktop\pp\nkust_113-1_object-oriented-programming\rpg game with cmd\consoleapplication5\debug\store.obj
c:\users\chung\desktop\pp\nkust_113-1_object-oriented-programming\rpg game with cmd\consoleapplication5\debug\source.obj
c:\users\chung\desktop\pp\nkust_113-1_object-oriented-programming\rpg game with cmd\consoleapplication5\debug\skilldata.obj
c:\users\chung\desktop\pp\nkust_113-1_object-oriented-programming\rpg game with cmd\debug\consoleapplication5.exe
c:\users\chung\desktop\pp\nkust_113-1_object-oriented-programming\rpg game with cmd\debug\consoleapplication5.pdb
c:\users\chung\desktop\pp\nkust_113-1_object-oriented-programming\rpg game with cmd\consoleapplication5\debug\consoleapplication5.ilk
c:\users\chung\desktop\pp\nkust_113-1_object-oriented-programming\rpg game with cmd\consoleapplication5\debug\consolea.5b339b21.tlog\cl.command.1.tlog
c:\users\chung\desktop\pp\nkust_113-1_object-oriented-programming\rpg game with cmd\consoleapplication5\debug\consolea.5b339b21.tlog\cl.items.tlog
c:\users\chung\desktop\pp\nkust_113-1_object-oriented-programming\rpg game with cmd\consoleapplication5\debug\consolea.5b339b21.tlog\cl.read.1.tlog
c:\users\chung\desktop\pp\nkust_113-1_object-oriented-programming\rpg game with cmd\consoleapplication5\debug\consolea.5b339b21.tlog\cl.write.1.tlog
c:\users\chung\desktop\pp\nkust_113-1_object-oriented-programming\rpg game with cmd\consoleapplication5\debug\consolea.5b339b21.tlog\link.command.1.tlog
c:\users\chung\desktop\pp\nkust_113-1_object-oriented-programming\rpg game with cmd\consoleapplication5\debug\consolea.5b339b21.tlog\link.read.1.tlog
c:\users\chung\desktop\pp\nkust_113-1_object-oriented-programming\rpg game with cmd\consoleapplication5\debug\consolea.5b339b21.tlog\link.secondary.1.tlog
c:\users\chung\desktop\pp\nkust_113-1_object-oriented-programming\rpg game with cmd\consoleapplication5\debug\consolea.5b339b21.tlog\link.write.1.tlog
