C:\USERS\USER\DESKTOP\(V 1.5)戰鬥 (MONSTER)\CONSOLEAPPLICATION5\DEBUG\BAG.OBJ
C:\USERS\USER\DESKTOP\(V 1.5)戰鬥 (MONSTER)\CONSOLEAPPLICATION5\DEBUG\CMDPARSER.OBJ
C:\USERS\USER\DESKTOP\(V 1.5)戰鬥 (MONSTER)\CONSOLEAPPLICATION5\DEBUG\CONSOLEAPPLICATION5.EXE.EMBED.MANIFEST
C:\USERS\USER\DESKTOP\(V 1.5)戰鬥 (MONSTER)\CONSOLEAPPLICATION5\DEBUG\CONSOLEAPPLICATION5.EXE.EMBED.MANIFEST.RES
C:\USERS\USER\DESKTOP\(V 1.5)戰鬥 (MONSTER)\CONSOLEAPPLICATION5\DEBUG\CONSOLEAPPLICATION5.EXE.INTERMEDIATE.MANIFEST
C:\USERS\USER\DESKTOP\(V 1.5)戰鬥 (MONSTER)\CONSOLEAPPLICATION5\DEBUG\FIGHTER.OBJ
C:\USERS\USER\DESKTOP\(V 1.5)戰鬥 (MONSTER)\CONSOLEAPPLICATION5\DEBUG\FOOD.OBJ
C:\USERS\USER\DESKTOP\(V 1.5)戰鬥 (MONSTER)\CONSOLEAPPLICATION5\DEBUG\ITEM.OBJ
C:\USERS\USER\DESKTOP\(V 1.5)戰鬥 (MONSTER)\CONSOLEAPPLICATION5\DEBUG\ITEMDATA.OBJ
C:\USERS\USER\DESKTOP\(V 1.5)戰鬥 (MONSTER)\CONSOLEAPPLICATION5\DEBUG\LIFEENTITY.OBJ
C:\USERS\USER\DESKTOP\(V 1.5)戰鬥 (MONSTER)\CONSOLEAPPLICATION5\DEBUG\MAPDATA.OBJ
C:\USERS\USER\DESKTOP\(V 1.5)戰鬥 (MONSTER)\CONSOLEAPPLICATION5\DEBUG\MONSTER.OBJ
C:\USERS\USER\DESKTOP\(V 1.5)戰鬥 (MONSTER)\CONSOLEAPPLICATION5\DEBUG\MONSTERDATA.OBJ
C:\USERS\USER\DESKTOP\(V 1.5)戰鬥 (MONSTER)\CONSOLEAPPLICATION5\DEBUG\PLACE.OBJ
C:\USERS\USER\DESKTOP\(V 1.5)戰鬥 (MONSTER)\CONSOLEAPPLICATION5\DEBUG\SOURCE.OBJ
C:\USERS\USER\DESKTOP\(V 1.5)戰鬥 (MONSTER)\CONSOLEAPPLICATION5\DEBUG\USER.OBJ
C:\USERS\USER\DESKTOP\(V 1.5)戰鬥 (MONSTER)\CONSOLEAPPLICATION5\DEBUG\VC100.PDB
C:\USERS\USER\DESKTOP\(V 1.5)戰鬥 (MONSTER)\CONSOLEAPPLICATION5\DEBUG\WEAPON.OBJ
C:\USERS\USER\DESKTOP\(V 1.5)戰鬥 (MONSTER)\DEBUG\CONSOLEAPPLICATION5.EXE
C:\USERS\USER\DESKTOP\(V 1.5)戰鬥 (MONSTER)\DEBUG\CONSOLEAPPLICATION5.ILK
C:\USERS\USER\DESKTOP\(V 1.5)戰鬥 (MONSTER)\DEBUG\CONSOLEAPPLICATION5.PDB
D:\COURSES\106FALL\OBJECT-ORIENTED PROGRAMMING\作業\(V 1.5)戰鬥 (MONSTER)\CONSOLEAPPLICATION5\DEBUG\BAG.OBJ
D:\Courses\106Fall\Object-Oriented Programming\作業\(v 1.5)戰鬥 (monster)\ConsoleApplication5\Debug\cl.command.1.tlog
D:\Courses\106Fall\Object-Oriented Programming\作業\(v 1.5)戰鬥 (monster)\ConsoleApplication5\Debug\CL.read.1.tlog
D:\Courses\106Fall\Object-Oriented Programming\作業\(v 1.5)戰鬥 (monster)\ConsoleApplication5\Debug\CL.write.1.tlog
D:\COURSES\106FALL\OBJECT-ORIENTED PROGRAMMING\作業\(V 1.5)戰鬥 (MONSTER)\CONSOLEAPPLICATION5\DEBUG\CMDPARSER.OBJ
D:\Courses\106Fall\Object-Oriented Programming\作業\(v 1.5)戰鬥 (monster)\ConsoleApplication5\Debug\ConsoleApplication5.exe.embed.manifest
D:\COURSES\106FALL\OBJECT-ORIENTED PROGRAMMING\作業\(V 1.5)戰鬥 (MONSTER)\CONSOLEAPPLICATION5\DEBUG\CONSOLEAPPLICATION5.EXE.EMBED.MANIFEST.RES
D:\COURSES\106FALL\OBJECT-ORIENTED PROGRAMMING\作業\(V 1.5)戰鬥 (MONSTER)\CONSOLEAPPLICATION5\DEBUG\CONSOLEAPPLICATION5.EXE.INTERMEDIATE.MANIFEST
D:\Courses\106Fall\Object-Oriented Programming\作業\(v 1.5)戰鬥 (monster)\ConsoleApplication5\Debug\ConsoleApplication5.vcxprojResolveAssemblyReference.cache
D:\Courses\106Fall\Object-Oriented Programming\作業\(v 1.5)戰鬥 (monster)\ConsoleApplication5\Debug\ConsoleApplication5.write.1.tlog
D:\Courses\106Fall\Object-Oriented Programming\作業\(v 1.5)戰鬥 (monster)\ConsoleApplication5\Debug\ConsoleApplication5_manifest.rc
D:\COURSES\106FALL\OBJECT-ORIENTED PROGRAMMING\作業\(V 1.5)戰鬥 (MONSTER)\CONSOLEAPPLICATION5\DEBUG\FIGHTER.OBJ
D:\COURSES\106FALL\OBJECT-ORIENTED PROGRAMMING\作業\(V 1.5)戰鬥 (MONSTER)\CONSOLEAPPLICATION5\DEBUG\FOOD.OBJ
D:\COURSES\106FALL\OBJECT-ORIENTED PROGRAMMING\作業\(V 1.5)戰鬥 (MONSTER)\CONSOLEAPPLICATION5\DEBUG\ITEM.OBJ
D:\COURSES\106FALL\OBJECT-ORIENTED PROGRAMMING\作業\(V 1.5)戰鬥 (MONSTER)\CONSOLEAPPLICATION5\DEBUG\ITEMDATA.OBJ
D:\COURSES\106FALL\OBJECT-ORIENTED PROGRAMMING\作業\(V 1.5)戰鬥 (MONSTER)\CONSOLEAPPLICATION5\DEBUG\LIFEENTITY.OBJ
D:\Courses\106Fall\Object-Oriented Programming\作業\(v 1.5)戰鬥 (monster)\ConsoleApplication5\Debug\link.4812.read.1.tlog
D:\Courses\106Fall\Object-Oriented Programming\作業\(v 1.5)戰鬥 (monster)\ConsoleApplication5\Debug\link.4812.write.1.tlog
D:\Courses\106Fall\Object-Oriented Programming\作業\(v 1.5)戰鬥 (monster)\ConsoleApplication5\Debug\link.4812-cvtres.read.1.tlog
D:\Courses\106Fall\Object-Oriented Programming\作業\(v 1.5)戰鬥 (monster)\ConsoleApplication5\Debug\link.4812-cvtres.write.1.tlog
D:\Courses\106Fall\Object-Oriented Programming\作業\(v 1.5)戰鬥 (monster)\ConsoleApplication5\Debug\link.6280.read.1.tlog
D:\Courses\106Fall\Object-Oriented Programming\作業\(v 1.5)戰鬥 (monster)\ConsoleApplication5\Debug\link.6280.write.1.tlog
D:\Courses\106Fall\Object-Oriented Programming\作業\(v 1.5)戰鬥 (monster)\ConsoleApplication5\Debug\link.6280-cvtres.read.1.tlog
D:\Courses\106Fall\Object-Oriented Programming\作業\(v 1.5)戰鬥 (monster)\ConsoleApplication5\Debug\link.6280-cvtres.write.1.tlog
D:\Courses\106Fall\Object-Oriented Programming\作業\(v 1.5)戰鬥 (monster)\ConsoleApplication5\Debug\link.command.1.tlog
D:\Courses\106Fall\Object-Oriented Programming\作業\(v 1.5)戰鬥 (monster)\ConsoleApplication5\Debug\link.read.1.tlog
D:\Courses\106Fall\Object-Oriented Programming\作業\(v 1.5)戰鬥 (monster)\ConsoleApplication5\Debug\link.write.1.tlog
D:\Courses\106Fall\Object-Oriented Programming\作業\(v 1.5)戰鬥 (monster)\ConsoleApplication5\Debug\link-cvtres.read.1.tlog
D:\Courses\106Fall\Object-Oriented Programming\作業\(v 1.5)戰鬥 (monster)\ConsoleApplication5\Debug\link-cvtres.write.1.tlog
D:\COURSES\106FALL\OBJECT-ORIENTED PROGRAMMING\作業\(V 1.5)戰鬥 (MONSTER)\CONSOLEAPPLICATION5\DEBUG\MAPDATA.OBJ
D:\COURSES\106FALL\OBJECT-ORIENTED PROGRAMMING\作業\(V 1.5)戰鬥 (MONSTER)\CONSOLEAPPLICATION5\DEBUG\MONSTER.OBJ
D:\COURSES\106FALL\OBJECT-ORIENTED PROGRAMMING\作業\(V 1.5)戰鬥 (MONSTER)\CONSOLEAPPLICATION5\DEBUG\MONSTERDATA.OBJ
D:\Courses\106Fall\Object-Oriented Programming\作業\(v 1.5)戰鬥 (monster)\ConsoleApplication5\Debug\mt.command.1.tlog
D:\Courses\106Fall\Object-Oriented Programming\作業\(v 1.5)戰鬥 (monster)\ConsoleApplication5\Debug\mt.read.1.tlog
D:\Courses\106Fall\Object-Oriented Programming\作業\(v 1.5)戰鬥 (monster)\ConsoleApplication5\Debug\mt.write.1.tlog
D:\COURSES\106FALL\OBJECT-ORIENTED PROGRAMMING\作業\(V 1.5)戰鬥 (MONSTER)\CONSOLEAPPLICATION5\DEBUG\PLACE.OBJ
D:\Courses\106Fall\Object-Oriented Programming\作業\(v 1.5)戰鬥 (monster)\ConsoleApplication5\Debug\rc.command.1.tlog
D:\Courses\106Fall\Object-Oriented Programming\作業\(v 1.5)戰鬥 (monster)\ConsoleApplication5\Debug\rc.read.1.tlog
D:\Courses\106Fall\Object-Oriented Programming\作業\(v 1.5)戰鬥 (monster)\ConsoleApplication5\Debug\rc.write.1.tlog
D:\COURSES\106FALL\OBJECT-ORIENTED PROGRAMMING\作業\(V 1.5)戰鬥 (MONSTER)\CONSOLEAPPLICATION5\DEBUG\SOURCE.OBJ
D:\COURSES\106FALL\OBJECT-ORIENTED PROGRAMMING\作業\(V 1.5)戰鬥 (MONSTER)\CONSOLEAPPLICATION5\DEBUG\USER.OBJ
D:\Courses\106Fall\Object-Oriented Programming\作業\(v 1.5)戰鬥 (monster)\ConsoleApplication5\Debug\vc100.idb
D:\COURSES\106FALL\OBJECT-ORIENTED PROGRAMMING\作業\(V 1.5)戰鬥 (MONSTER)\CONSOLEAPPLICATION5\DEBUG\VC100.PDB
D:\COURSES\106FALL\OBJECT-ORIENTED PROGRAMMING\作業\(V 1.5)戰鬥 (MONSTER)\CONSOLEAPPLICATION5\DEBUG\WEAPON.OBJ
D:\COURSES\106FALL\OBJECT-ORIENTED PROGRAMMING\作業\(V 1.5)戰鬥 (MONSTER)\DEBUG\CONSOLEAPPLICATION5.EXE
D:\COURSES\106FALL\OBJECT-ORIENTED PROGRAMMING\作業\(V 1.5)戰鬥 (MONSTER)\DEBUG\CONSOLEAPPLICATION5.ILK
D:\COURSES\106FALL\OBJECT-ORIENTED PROGRAMMING\作業\(V 1.5)戰鬥 (MONSTER)\DEBUG\CONSOLEAPPLICATION5.PDB
